Traceback (most recent call last):
  File "train_expert.py", line 46, in <module>
    run(args)
  File "train_expert.py", line 12, in run
    env = make_env(args.env_id)
  File "/scratch/nicholaslee/gail-airl-ppo.pytorch/gail_airl_ppo/env.py", line 7, in make_env
    return NormalizedEnv(gym.make(env_id))
  File "/home/eecs/nicholas_lee/anaconda3/envs/gail/lib/python3.7/site-packages/gym/envs/registration.py", line 145, in make
    return registry.make(id, **kwargs)
  File "/home/eecs/nicholas_lee/anaconda3/envs/gail/lib/python3.7/site-packages/gym/envs/registration.py", line 89, in make
    spec = self.spec(path)
  File "/home/eecs/nicholas_lee/anaconda3/envs/gail/lib/python3.7/site-packages/gym/envs/registration.py", line 118, in spec
    raise error.Error('Attempted to look up malformed environment ID: {}. (Currently all IDs must be of the form {}.)'.format(id.encode('utf-8'), env_id_re.pattern))
gym.error.Error: Attempted to look up malformed environment ID: b'Humanoid'. (Currently all IDs must be of the form ^(?:[\w:-]+\/)?([\w:.-]+)-v(\d+)$.)
Traceback (most recent call last):
  File "train_expert.py", line 46, in <module>
    run(args)
  File "train_expert.py", line 12, in run
    env = make_env(args.env_id)
  File "/scratch/nicholaslee/gail-airl-ppo.pytorch/gail_airl_ppo/env.py", line 7, in make_env
    return NormalizedEnv(gym.make(env_id))
  File "/home/eecs/nicholas_lee/anaconda3/envs/gail/lib/python3.7/site-packages/gym/envs/registration.py", line 145, in make
    return registry.make(id, **kwargs)
  File "/home/eecs/nicholas_lee/anaconda3/envs/gail/lib/python3.7/site-packages/gym/envs/registration.py", line 89, in make
    spec = self.spec(path)
  File "/home/eecs/nicholas_lee/anaconda3/envs/gail/lib/python3.7/site-packages/gym/envs/registration.py", line 118, in spec
    raise error.Error('Attempted to look up malformed environment ID: {}. (Currently all IDs must be of the form {}.)'.format(id.encode('utf-8'), env_id_re.pattern))
gym.error.Error: Attempted to look up malformed environment ID: b'Humanoid'. (Currently all IDs must be of the form ^(?:[\w:-]+\/)?([\w:.-]+)-v(\d+)$.)
Num steps: 10000    Return: 116.7   Time: 0:00:37
Num steps: 20000    Return: 258.8   Time: 0:05:14
Num steps: 30000    Return: 232.4   Time: 0:09:51
Num steps: 40000    Return: 532.7   Time: 0:14:29
Num steps: 50000    Return: 491.4   Time: 0:19:04
Num steps: 60000    Return: 468.9   Time: 0:23:40
Num steps: 70000    Return: 404.8   Time: 0:28:13
Num steps: 80000    Return: 482.1   Time: 0:32:50
Num steps: 90000    Return: 714.7   Time: 0:37:23
Num steps: 100000   Return: 519.7   Time: 0:41:46
